Arguments: 
  C:\Program Files\nodejs\node.exe C:\Program Files (x86)\Yarn\bin\yarn.js init

PATH: 
  C:\Program Files (x86)\Common Files\Oracle\Java\javapath;C:\Program Files (x86)\Intel\iCLS Client\;C:\Development\yotta\python\;C:\Development\yotta\python\Scripts;C:\ProgramData\Oracle\Java\javapath;C:\Program Files\Intel\iCLS Client\;C:\Windows\system32;C:\Windows;C:\Windows\System32\Wbem;C:\Windows\System32\WindowsPowerShell\v1.0\;C:\HaxeToolkit\haxe\;C:\HaxeToolkit\neko;C:\Program Files\Git\cmd;C:\Development\Android SDK\tools;C:\Development\Android SDK\platform-tools;C:\Development\hugo;C:\Development\caddy;C:\WINDOWS\system32;C:\WINDOWS;C:\WINDOWS\System32\Wbem;C:\WINDOWS\System32\WindowsPowerShell\v1.0\;C:\Program Files (x86)\Yarn\bin;C:\Program Files (x86)\Intel\Intel(R) Management Engine Components\DAL;C:\Program Files\Intel\Intel(R) Management Engine Components\DAL;C:\Program Files (x86)\Intel\Intel(R) Management Engine Components\IPT;C:\Program Files\Intel\Intel(R) Management Engine Components\IPT;C:\Program Files\nodejs\;C:\Program Files (x86)\Paragon Software\LinuxFS for Windows\;C:\Development\ffmpeg\bin;;C:\Program Files\Microsoft VS Code Insiders\bin;C:\Program Files\Microsoft VS Code\bin;C:\Program Files (x86)\NVIDIA Corporation\PhysX\Common;%SystemRoot%\system32;%SystemRoot%;%SystemRoot%\System32\Wbem;%SYSTEMROOT%\System32\WindowsPowerShell\v1.0\;%SYSTEMROOT%\System32\OpenSSH\;C:\Users\zen\AppData\Roaming\npm;C:\Program Files\Microsoft VS Code Insiders\bin;C:\Program Files\Microsoft VS Code\bin;C:\Development\ffmpeg\bin;C:\Users\zen\AppData\Local\Programs\Microsoft VS Code Insiders\bin;C:\Users\zen\AppData\Local\Microsoft\WindowsApps;C:\Users\zen\AppData\Roaming\Dashlane\6.1843.0.14402\bin\Firefox_Extension\{442718d9-475e-452a-b3e1-fb1ee16b8e9f}\components;C:\Users\zen\AppData\Roaming\Dashlane\6.1843.0.14402\ucrt;C:\Users\zen\AppData\Roaming\Dashlane\6.1843.0.14402\bin\Qt;C:\Users\zen\AppData\Roaming\Dashlane\6.1843.0.14402\ucrt;C:\Users\zen\AppData\Roaming\Dashlane\6.1843.0.14402\bin\Ssl

Yarn version: 
  1.1.0

Node version: 
  8.11.1

Platform: 
  win32 x64

npm manifest: 
  

yarn manifest: 
  No manifest

Lockfile: 
  No lockfile

Trace: 
  SyntaxError: D:\Work\Code\TeasAndSeas\package.json: Unexpected end of JSON input
      at JSON.parse (<anonymous>)
      at C:\Program Files (x86)\Yarn\lib\cli.js:764:59
      at Generator.next (<anonymous>)
      at step (C:\Program Files (x86)\Yarn\lib\cli.js:92:30)
      at C:\Program Files (x86)\Yarn\lib\cli.js:103:13
      at <anonymous>
